<?xml version="1.0" encoding="UTF-8"?>
<!-- Generated by org.testng.reporters.JUnitReportReporter -->
<testsuite hostname="DESKTOP-1OKFA75" failures="0" tests="1" name="com.inetbanking.testcases.TC_LoginTest_001" time="6.972" errors="0" timestamp="2022-02-10T15:52:10 IST" skipped="0">
  <testcase classname="com.inetbanking.testcases.TC_LoginTest_001" name="loginTest" time="6.972"/>
  <system-out/>
</testsuite> <!-- com.inetbanking.testcases.TC_LoginTest_001 -->
